  Source.cpp
C:\Program Files\Microsoft Visual Studio\2022\Community\VC\Tools\MSVC\14.39.33519\include\memory_resource(12): warning STL4038: The contents of <memory_resource> are available only with C++17 or later.
C:\Users\Alexandr\Desktop\BinTree\BinTree\Source.cpp(45,14): warning C4244: инициализация: преобразование "double" в "size_t", возможна потеря данных
C:\Users\Alexandr\Desktop\BinTree\BinTree\Source.cpp(395,8): warning C4834: удаление возвращаемого значения функции с атрибутом [[nodiscard]]
C:\Users\Alexandr\Desktop\BinTree\BinTree\Source.cpp(403,8): warning C4834: удаление возвращаемого значения функции с атрибутом [[nodiscard]]
C:\Users\Alexandr\Desktop\BinTree\BinTree\Source.cpp(414,16): warning C4834: удаление возвращаемого значения функции с атрибутом [[nodiscard]]
C:\Users\Alexandr\Desktop\BinTree\BinTree\Source.cpp(422,16): warning C4834: удаление возвращаемого значения функции с атрибутом [[nodiscard]]
C:\Users\Alexandr\Desktop\BinTree\BinTree\Source.cpp(128,30): warning C4930: Binary_Search_Tree<size_t,std::less<T>,std::allocator<size_t>> treeNull(void): функция с прототипом не вызвана (предполагалось определение переменной?)
C:\Users\Alexandr\Desktop\BinTree\BinTree\Source.cpp(128,30): warning C4930:         with
C:\Users\Alexandr\Desktop\BinTree\BinTree\Source.cpp(128,30): warning C4930:         [
C:\Users\Alexandr\Desktop\BinTree\BinTree\Source.cpp(128,30): warning C4930:             T=size_t
C:\Users\Alexandr\Desktop\BinTree\BinTree\Source.cpp(128,30): warning C4930:         ]
C:\Program Files\Microsoft Visual Studio\2022\Community\VC\Tools\MSVC\14.39.33519\include\algorithm(520,19): warning C4267: аргумент: преобразование из "size_t" в "int"; возможна потеря данных
  (компиляция исходного файла "Source.cpp")
  C:\Program Files\Microsoft Visual Studio\2022\Community\VC\Tools\MSVC\14.39.33519\include\algorithm(520,19):
  контекст создания экземпляра шаблона (сначала самый старый)
  	C:\Users\Alexandr\Desktop\BinTree\BinTree\Source.cpp(414,8):
  	выполняется компиляция ссылки на экземпляр шаблон функции "__int64 std::count_if<std::_List_iterator<std::_List_val<std::_List_simple_types<_Ty>>>,bool(__cdecl *)(int)>(_InIt,_InIt,_Pr)"
          with
          [
              _Ty=size_t,
              _InIt=std::_List_iterator<std::_List_val<std::_List_simple_types<size_t>>>,
              _Pr=bool (__cdecl *)(int)
          ]
  
  Создание кода
  43 of 1115 functions ( 3.9%) were compiled, the rest were copied from previous compilation.
    0 functions were new in current compilation
    8 functions had inline decision re-evaluated but remain unchanged
  Создание кода завершено
  BinTree.vcxproj -> C:\Users\Alexandr\Desktop\BinTree\x64\Release\BinTree.exe
